#
# There is insufficient memory for the Java Runtime Environment to continue.
# Native memory allocation (malloc) failed to allocate 32744 bytes for ChunkPool::allocate
# Possible reasons:
#   The system is out of physical RAM or swap space
#   The process is running with CompressedOops enabled, and the Java Heap may be blocking the growth of the native heap
# Possible solutions:
#   Reduce memory load on the system
#   Increase physical memory or swap space
#   Check if swap backing store is full
#   Decrease Java heap size (-Xmx/-Xms)
#   Decrease number of Java threads
#   Decrease Java thread stack sizes (-Xss)
#   Set larger code cache with -XX:ReservedCodeCacheSize=
#   JVM is running with Unscaled Compressed Oops mode in which the Java heap is
#     placed in the first 4GB address space. The Java Heap base address is the
#     maximum limit for the native heap growth. Please use -XX:HeapBaseMinAddress
#     to set the Java Heap base and to place the Java Heap above 4GB virtual address.
# This output file may be truncated or incomplete.
#
#  Out of Memory Error (arena.cpp:78), pid=8480, tid=7872
#
# JRE version: Java(TM) SE Runtime Environment (17.0.7+8) (build 17.0.7+8-LTS-224)
# Java VM: Java HotSpot(TM) 64-Bit Server VM (17.0.7+8-LTS-224, mixed mode, sharing, tiered, compressed oops, compressed class ptrs, g1 gc, windows-amd64)
# No core dump will be written. Minidumps are not enabled by default on client versions of Windows
#

---------------  S U M M A R Y ------------

Command Line: -javaagent:D:\HieuStudy\Code\IntelliJ IDEA Community Edition 2023.1.2\lib\idea_rt.jar=59017:D:\HieuStudy\Code\IntelliJ IDEA Community Edition 2023.1.2\bin -Dfile.encoding=UTF-8 dev.babygone.movies.MoviesApplication

Host: Intel(R) Core(TM) i5-1035G1 CPU @ 1.00GHz, 8 cores, 3G,  Windows 11 , 64 bit Build 22621 (10.0.22621.1778)
Time: Wed Jun 14 12:54:27 2023 SE Asia Standard Time elapsed time: 3832.421542 seconds (0d 1h 3m 52s)

---------------  T H R E A D  ---------------

Current thread (0x0000024151d66670):  JavaThread "C2 CompilerThread0" daemon [_thread_in_native, id=7872, stack(0x000000a994d00000,0x000000a994e00000)]


Current CompileTask:
C2:3832422 4020       4       java.util.HashSet::add (20 bytes)

Stack: [0x000000a994d00000,0x000000a994e00000]
Native frames: (J=compiled Java code, j=interpreted, Vv=VM code, C=native code)
V  [jvm.dll+0x676a4a]
V  [jvm.dll+0x7d74f4]
V  [jvm.dll+0x7d8c9e]
V  [jvm.dll+0x7d9303]
V  [jvm.dll+0x2452c5]
V  [jvm.dll+0xaac80]
V  [jvm.dll+0xaafcc]
V  [jvm.dll+0x2aac84]
V  [jvm.dll+0x57f375]
V  [jvm.dll+0x2205f2]
V  [jvm.dll+0x2191f0]
V  [jvm.dll+0x216df9]
V  [jvm.dll+0x1a35e0]
V  [jvm.dll+0x226a6e]
V  [jvm.dll+0x224e15]
V  [jvm.dll+0x78d05c]
V  [jvm.dll+0x78759a]
V  [jvm.dll+0x675875]
C  [ucrtbase.dll+0x29363]
C  [KERNEL32.DLL+0x126ad]
C  [ntdll.dll+0x5a9f8]


---------------  P R O C E S S  ---------------

Threads class SMR info:
_java_thread_list=0x00000241531f6630, length=30, elements={
0x0000024151d4d6e0, 0x0000024151d4e290, 0x0000024151d606f0, 0x0000024151d610a0,
0x0000024151d61a50, 0x0000024151d62610, 0x0000024151d66670, 0x0000024151d7be20,
0x0000024151d82f90, 0x000002415289a830, 0x0000024152b21fe0, 0x0000024152b224b0,
0x00000241531360c0, 0x0000024153134d80, 0x0000024153136590, 0x0000024153133f10,
0x0000024153136a60, 0x0000024153135250, 0x0000024153135720, 0x0000024153136f30,
0x0000024153137400, 0x0000024153ee3280, 0x0000024153ee3750, 0x0000024153ee4a90,
0x0000024153ee4f60, 0x0000024153ee8df0, 0x0000024153ee92c0, 0x0000024153ee5430,
0x0000024153ee8450, 0x0000024153ee9790
}

Java Threads: ( => current thread )
  0x0000024151d4d6e0 JavaThread "Reference Handler" daemon [_thread_blocked, id=7588, stack(0x000000a994700000,0x000000a994800000)]
  0x0000024151d4e290 JavaThread "Finalizer" daemon [_thread_blocked, id=4412, stack(0x000000a994800000,0x000000a994900000)]
  0x0000024151d606f0 JavaThread "Signal Dispatcher" daemon [_thread_blocked, id=11680, stack(0x000000a994900000,0x000000a994a00000)]
  0x0000024151d610a0 JavaThread "Attach Listener" daemon [_thread_blocked, id=5524, stack(0x000000a994a00000,0x000000a994b00000)]
  0x0000024151d61a50 JavaThread "Service Thread" daemon [_thread_blocked, id=10928, stack(0x000000a994b00000,0x000000a994c00000)]
  0x0000024151d62610 JavaThread "Monitor Deflation Thread" daemon [_thread_blocked, id=10244, stack(0x000000a994c00000,0x000000a994d00000)]
=>0x0000024151d66670 JavaThread "C2 CompilerThread0" daemon [_thread_in_native, id=7872, stack(0x000000a994d00000,0x000000a994e00000)]
  0x0000024151d7be20 JavaThread "C1 CompilerThread0" daemon [_thread_blocked, id=6092, stack(0x000000a994e00000,0x000000a994f00000)]
  0x0000024151d82f90 JavaThread "Sweeper thread" daemon [_thread_blocked, id=6024, stack(0x000000a994f00000,0x000000a995000000)]
  0x000002415289a830 JavaThread "Common-Cleaner" daemon [_thread_blocked, id=7768, stack(0x000000a995000000,0x000000a995100000)]
  0x0000024152b21fe0 JavaThread "Monitor Ctrl-Break" daemon [_thread_in_native, id=3676, stack(0x000000a995200000,0x000000a995300000)]
  0x0000024152b224b0 JavaThread "Notification Thread" daemon [_thread_blocked, id=3724, stack(0x000000a995300000,0x000000a995400000)]
  0x00000241531360c0 JavaThread "Catalina-utility-1" [_thread_blocked, id=6372, stack(0x000000a995100000,0x000000a995200000)]
  0x0000024153134d80 JavaThread "Catalina-utility-2" [_thread_blocked, id=12788, stack(0x000000a995f00000,0x000000a996000000)]
  0x0000024153136590 JavaThread "container-0" [_thread_blocked, id=8792, stack(0x000000a996000000,0x000000a996100000)]
  0x0000024153133f10 JavaThread "File Watcher" daemon [_thread_blocked, id=2548, stack(0x000000a996100000,0x000000a996200000)]
  0x0000024153136a60 JavaThread "Live Reload Server" daemon [_thread_in_native, id=12592, stack(0x000000a996200000,0x000000a996300000)]
  0x0000024153135250 JavaThread "http-nio-8080-exec-1" daemon [_thread_blocked, id=5096, stack(0x000000a996300000,0x000000a996400000)]
  0x0000024153135720 JavaThread "http-nio-8080-exec-2" daemon [_thread_blocked, id=3392, stack(0x000000a996400000,0x000000a996500000)]
  0x0000024153136f30 JavaThread "http-nio-8080-exec-3" daemon [_thread_blocked, id=11784, stack(0x000000a996500000,0x000000a996600000)]
  0x0000024153137400 JavaThread "http-nio-8080-exec-4" daemon [_thread_blocked, id=10752, stack(0x000000a996600000,0x000000a996700000)]
  0x0000024153ee3280 JavaThread "http-nio-8080-exec-5" daemon [_thread_blocked, id=10956, stack(0x000000a996700000,0x000000a996800000)]
  0x0000024153ee3750 JavaThread "http-nio-8080-exec-6" daemon [_thread_blocked, id=732, stack(0x000000a996800000,0x000000a996900000)]
  0x0000024153ee4a90 JavaThread "http-nio-8080-exec-7" daemon [_thread_blocked, id=988, stack(0x000000a996900000,0x000000a996a00000)]
  0x0000024153ee4f60 JavaThread "http-nio-8080-exec-8" daemon [_thread_blocked, id=1968, stack(0x000000a996a00000,0x000000a996b00000)]
  0x0000024153ee8df0 JavaThread "http-nio-8080-exec-9" daemon [_thread_blocked, id=10940, stack(0x000000a996b00000,0x000000a996c00000)]
  0x0000024153ee92c0 JavaThread "http-nio-8080-exec-10" daemon [_thread_blocked, id=8644, stack(0x000000a996c00000,0x000000a996d00000)]
  0x0000024153ee5430 JavaThread "http-nio-8080-Poller" daemon [_thread_in_native, id=10912, stack(0x000000a996d00000,0x000000a996e00000)]
  0x0000024153ee8450 JavaThread "http-nio-8080-Acceptor" daemon [_thread_in_native, id=2288, stack(0x000000a996e00000,0x000000a996f00000)]
  0x0000024153ee9790 JavaThread "DestroyJavaVM" [_thread_blocked, id=4328, stack(0x000000a994000000,0x000000a994100000)]

Other Threads:
  0x0000024151d49850 VMThread "VM Thread" [stack: 0x000000a994600000,0x000000a994700000] [id=9612]
  0x00000241344a3000 WatcherThread [stack: 0x000000a995400000,0x000000a995500000] [id=13208]
  0x0000024134490770 GCTaskThread "GC Thread#0" [stack: 0x000000a994100000,0x000000a994200000] [id=6260]
  0x0000024153169c90 GCTaskThread "GC Thread#1" [stack: 0x000000a995700000,0x000000a995800000] [id=11496]
  0x00000241531689c0 GCTaskThread "GC Thread#2" [stack: 0x000000a995800000,0x000000a995900000] [id=3968]
  0x0000024153169730 GCTaskThread "GC Thread#3" [stack: 0x000000a995900000,0x000000a995a00000] [id=10660]
  0x0000024153168c70 GCTaskThread "GC Thread#4" [stack: 0x000000a995a00000,0x000000a995b00000] [id=3924]
  0x0000024153168460 GCTaskThread "GC Thread#5" [stack: 0x000000a995b00000,0x000000a995c00000] [id=8272]
  0x0000024153168710 GCTaskThread "GC Thread#6" [stack: 0x000000a995c00000,0x000000a995d00000] [id=9112]
  0x0000024153168f20 GCTaskThread "GC Thread#7" [stack: 0x000000a995d00000,0x000000a995e00000] [id=13196]
  0x000002413449a0e0 ConcurrentGCThread "G1 Main Marker" [stack: 0x000000a994200000,0x000000a994300000] [id=4488]
  0x000002413449b290 ConcurrentGCThread "G1 Conc#0" [stack: 0x000000a994300000,0x000000a994400000] [id=2808]
  0x00000241550f5d40 ConcurrentGCThread "G1 Conc#1" [stack: 0x000000a995e00000,0x000000a995f00000] [id=8088]
  0x000002413450e8d0 ConcurrentGCThread "G1 Refine#0" [stack: 0x000000a994400000,0x000000a994500000] [id=2164]
  0x0000024151bfd420 ConcurrentGCThread "G1 Service" [stack: 0x000000a994500000,0x000000a994600000] [id=5740]

Threads with active compile tasks:
C2 CompilerThread0  3832604 4020       4       java.util.HashSet::add (20 bytes)

VM state: not at safepoint (normal execution)

VM Mutex/Monitor currently owned by a thread: None

Heap address: 0x00000000c3a00000, size: 966 MB, Compressed Oops mode: 32-bit

CDS archive(s) mapped at: [0x0000000800000000-0x0000000800bd0000-0x0000000800bd0000), size 12386304, SharedBaseAddress: 0x0000000800000000, ArchiveRelocationMode: 0.
Compressed class space mapped at: 0x0000000800c00000-0x0000000840c00000, reserved size: 1073741824
Narrow klass base: 0x0000000800000000, Narrow klass shift: 0, Narrow klass range: 0x100000000

GC Precious Log:
 CPUs: 8 total, 8 available
 Memory: 3863M
 Large Page Support: Disabled
 NUMA Support: Disabled
 Compressed Oops: Enabled (32-bit)
 Heap Region Size: 1M
 Heap Min Capacity: 8M
 Heap Initial Capacity: 62M
 Heap Max Capacity: 966M
 Pre-touch: Disabled
 Parallel Workers: 8
 Concurrent Workers: 2
 Concurrent Refinement Workers: 8
 Periodic GC: Disabled

Heap:
 garbage-first heap   total 40960K, used 24466K [0x00000000c3a00000, 0x0000000100000000)
  region size 1024K, 13 young (13312K), 2 survivors (2048K)
 Metaspace       used 29862K, committed 30272K, reserved 1081344K
  class space    used 3725K, committed 3904K, reserved 1048576K

Heap Regions: E=young(eden), S=young(survivor), O=old, HS=humongous(starts), HC=humongous(continues), CS=collection set, F=free, OA=open archive, CA=closed archive, TAMS=top-at-mark-start (previous, next)
|   0|0x00000000c3a00000, 0x00000000c3b00000, 0x00000000c3b00000|100%| O|  |TAMS 0x00000000c3b00000, 0x00000000c3a00000| Untracked 
|   1|0x00000000c3b00000, 0x00000000c3c00000, 0x00000000c3c00000|100%| O|  |TAMS 0x00000000c3c00000, 0x00000000c3b00000| Untracked 
|   2|0x00000000c3c00000, 0x00000000c3d00000, 0x00000000c3d00000|100%| O|  |TAMS 0x00000000c3d00000, 0x00000000c3c00000| Untracked 
|   3|0x00000000c3d00000, 0x00000000c3e00000, 0x00000000c3e00000|100%| O|  |TAMS 0x00000000c3e00000, 0x00000000c3d00000| Untracked 
|   4|0x00000000c3e00000, 0x00000000c3f00000, 0x00000000c3f00000|100%| O|  |TAMS 0x00000000c3ea7c00, 0x00000000c3e00000| Untracked 
|   5|0x00000000c3f00000, 0x00000000c4000000, 0x00000000c4000000|100%| O|  |TAMS 0x00000000c3f00000, 0x00000000c3f00000| Untracked 
|   6|0x00000000c4000000, 0x00000000c4000000, 0x00000000c4100000|  0%| F|  |TAMS 0x00000000c4000000, 0x00000000c4000000| Untracked 
|   7|0x00000000c4100000, 0x00000000c4200000, 0x00000000c4200000|100%| O|  |TAMS 0x00000000c4100000, 0x00000000c4100000| Untracked 
|   8|0x00000000c4200000, 0x00000000c4300000, 0x00000000c4300000|100%| O|  |TAMS 0x00000000c4200000, 0x00000000c4200000| Untracked 
|   9|0x00000000c4300000, 0x00000000c4400000, 0x00000000c4400000|100%| O|  |TAMS 0x00000000c4300000, 0x00000000c4300000| Untracked 
|  10|0x00000000c4400000, 0x00000000c4500000, 0x00000000c4500000|100%| O|  |TAMS 0x00000000c4400000, 0x00000000c4400000| Untracked 
|  11|0x00000000c4500000, 0x00000000c4600000, 0x00000000c4600000|100%| O|  |TAMS 0x00000000c4500000, 0x00000000c4500000| Untracked 
|  12|0x00000000c4600000, 0x00000000c4700000, 0x00000000c4700000|100%| O|  |TAMS 0x00000000c4600000, 0x00000000c4600000| Untracked 
|  13|0x00000000c4700000, 0x00000000c4700000, 0x00000000c4800000|  0%| F|  |TAMS 0x00000000c4700000, 0x00000000c4700000| Untracked 
|  14|0x00000000c4800000, 0x00000000c4800000, 0x00000000c4900000|  0%| F|  |TAMS 0x00000000c4800000, 0x00000000c4800000| Untracked 
|  15|0x00000000c4900000, 0x00000000c4900000, 0x00000000c4a00000|  0%| F|  |TAMS 0x00000000c4900000, 0x00000000c4900000| Untracked 
|  16|0x00000000c4a00000, 0x00000000c4a62a00, 0x00000000c4b00000| 38%| O|  |TAMS 0x00000000c4a00000, 0x00000000c4a00000| Untracked 
|  17|0x00000000c4b00000, 0x00000000c4b00000, 0x00000000c4c00000|  0%| F|  |TAMS 0x00000000c4b00000, 0x00000000c4b00000| Untracked 
|  18|0x00000000c4c00000, 0x00000000c4c00000, 0x00000000c4d00000|  0%| F|  |TAMS 0x00000000c4c00000, 0x00000000c4c00000| Untracked 
|  19|0x00000000c4d00000, 0x00000000c4d00000, 0x00000000c4e00000|  0%| F|  |TAMS 0x00000000c4d00000, 0x00000000c4d00000| Untracked 
|  20|0x00000000c4e00000, 0x00000000c4e00000, 0x00000000c4f00000|  0%| F|  |TAMS 0x00000000c4e00000, 0x00000000c4e00000| Untracked 
|  21|0x00000000c4f00000, 0x00000000c4f81f68, 0x00000000c5000000| 50%| S|CS|TAMS 0x00000000c4f00000, 0x00000000c4f00000| Complete 
|  22|0x00000000c5000000, 0x00000000c5100000, 0x00000000c5100000|100%| S|CS|TAMS 0x00000000c5000000, 0x00000000c5000000| Complete 
|  23|0x00000000c5100000, 0x00000000c5100000, 0x00000000c5200000|  0%| F|  |TAMS 0x00000000c5100000, 0x00000000c5100000| Untracked 
|  24|0x00000000c5200000, 0x00000000c5200000, 0x00000000c5300000|  0%| F|  |TAMS 0x00000000c5200000, 0x00000000c5200000| Untracked 
|  25|0x00000000c5300000, 0x00000000c5300000, 0x00000000c5400000|  0%| F|  |TAMS 0x00000000c5300000, 0x00000000c5300000| Untracked 
|  26|0x00000000c5400000, 0x00000000c5400000, 0x00000000c5500000|  0%| F|  |TAMS 0x00000000c5400000, 0x00000000c5400000| Untracked 
|  27|0x00000000c5500000, 0x00000000c5500000, 0x00000000c5600000|  0%| F|  |TAMS 0x00000000c5500000, 0x00000000c5500000| Untracked 
|  28|0x00000000c5600000, 0x00000000c5600000, 0x00000000c5700000|  0%| F|  |TAMS 0x00000000c5600000, 0x00000000c5600000| Untracked 
|  29|0x00000000c5700000, 0x00000000c5766260, 0x00000000c5800000| 39%| E|  |TAMS 0x00000000c5700000, 0x00000000c5700000| Complete 
|  30|0x00000000c5800000, 0x00000000c5900000, 0x00000000c5900000|100%| E|CS|TAMS 0x00000000c5800000, 0x00000000c5800000| Complete 
|  31|0x00000000c5900000, 0x00000000c5a00000, 0x00000000c5a00000|100%| E|CS|TAMS 0x00000000c5900000, 0x00000000c5900000| Complete 
|  32|0x00000000c5a00000, 0x00000000c5b00000, 0x00000000c5b00000|100%| E|CS|TAMS 0x00000000c5a00000, 0x00000000c5a00000| Complete 
|  33|0x00000000c5b00000, 0x00000000c5c00000, 0x00000000c5c00000|100%| E|CS|TAMS 0x00000000c5b00000, 0x00000000c5b00000| Complete 
|  34|0x00000000c5c00000, 0x00000000c5d00000, 0x00000000c5d00000|100%| E|CS|TAMS 0x00000000c5c00000, 0x00000000c5c00000| Complete 
|  45|0x00000000c6700000, 0x00000000c6800000, 0x00000000c6800000|100%| E|CS|TAMS 0x00000000c6700000, 0x00000000c6700000| Complete 
|  46|0x00000000c6800000, 0x00000000c6900000, 0x00000000c6900000|100%| E|CS|TAMS 0x00000000c6800000, 0x00000000c6800000| Complete 
|  47|0x00000000c6900000, 0x00000000c6a00000, 0x00000000c6a00000|100%| E|CS|TAMS 0x00000000c6900000, 0x00000000c6900000| Complete 
|  48|0x00000000c6a00000, 0x00000000c6b00000, 0x00000000c6b00000|100%| E|CS|TAMS 0x00000000c6a00000, 0x00000000c6a00000| Complete 
|  61|0x00000000c7700000, 0x00000000c7800000, 0x00000000c7800000|100%| E|CS|TAMS 0x00000000c7700000, 0x00000000c7700000| Complete 

Card table byte_map: [0x000002414d100000,0x000002414d2f0000] _byte_map_base: 0x000002414cae3000

Marking Bits (Prev, Next): (CMBitMap*) 0x0000024134490dc0, (CMBitMap*) 0x0000024134490d80
 Prev Bits: [0x000002414e400000, 0x000002414f318000)
 Next Bits: [0x000002414d4e0000, 0x000002414e3f8000)

Polling page: 0x0000024134510000

Metaspace:

Usage:
  Non-class:     25.52 MB used.
      Class:      3.64 MB used.
       Both:     29.16 MB used.

Virtual space:
  Non-class space:       32.00 MB reserved,      25.75 MB ( 80%) committed,  4 nodes.
      Class space:        1.00 GB reserved,       3.81 MB ( <1%) committed,  1 nodes.
             Both:        1.03 GB reserved,      29.56 MB (  3%) committed. 

Chunk freelists:
   Non-Class:  2.20 MB
       Class:  144.00 KB
        Both:  2.34 MB

MaxMetaspaceSize: unlimited
CompressedClassSpaceSize: 1.00 GB
Initial GC threshold: 21.00 MB
Current GC threshold: 35.12 MB
CDS: on
MetaspaceReclaimPolicy: balanced
 - commit_granule_bytes: 65536.
 - commit_granule_words: 8192.
 - virtual_space_node_default_size: 1048576.
 - enlarge_chunks_in_place: 1.
 - new_chunks_are_fully_committed: 0.
 - uncommit_free_chunks: 1.
 - use_allocation_guard: 0.
 - handle_deallocations: 1.


Internal statistics:

num_allocs_failed_limit: 3.
num_arena_births: 560.
num_arena_deaths: 0.
num_vsnodes_births: 5.
num_vsnodes_deaths: 0.
num_space_committed: 473.
num_space_uncommitted: 0.
num_chunks_returned_to_freelist: 3.
num_chunks_taken_from_freelist: 1618.
num_chunk_merges: 0.
num_chunk_splits: 1108.
num_chunks_enlarged: 817.
num_purges: 0.
num_inconsistent_stats: 0.

CodeHeap 'non-profiled nmethods': size=120000Kb used=2157Kb max_used=2157Kb free=117842Kb
 bounds [0x0000024144f80000, 0x00000241451f0000, 0x000002414c4b0000]
CodeHeap 'profiled nmethods': size=120000Kb used=8426Kb max_used=8426Kb free=111574Kb
 bounds [0x000002413d4b0000, 0x000002413dcf0000, 0x00000241449e0000]
CodeHeap 'non-nmethods': size=5760Kb used=1247Kb max_used=1285Kb free=4512Kb
 bounds [0x00000241449e0000, 0x0000024144c50000, 0x0000024144f80000]
 total_blobs=4554 nmethods=4013 adapters=453
 compilation: enabled
              stopped_count=0, restarted_count=0
 full_count=0

Compilation events (20 events):
Event: 3575.741 Thread 0x0000024151d66670 nmethod 4010 0x0000024145198690 code [0x0000024145198800, 0x0000024145198938]
Event: 3575.741 Thread 0x0000024151d66670 4011       4       java.util.concurrent.locks.AbstractQueuedSynchronizer::casTail (13 bytes)
Event: 3575.744 Thread 0x0000024151d66670 nmethod 4011 0x0000024145198990 code [0x0000024145198b00, 0x0000024145198c58]
Event: 3579.571 Thread 0x0000024151d66670 4012       4       java.util.Collections$UnmodifiableCollection$1::next (10 bytes)
Event: 3579.572 Thread 0x0000024151d66670 nmethod 4012 0x0000024145198d10 code [0x0000024145198e80, 0x0000024145198f18]
Event: 3588.729 Thread 0x0000024151d66670 4013       4       java.util.HashMap$HashIterator::<init> (79 bytes)
Event: 3588.738 Thread 0x0000024151d66670 nmethod 4013 0x0000024145199010 code [0x00000241451991a0, 0x0000024145199538]
Event: 3625.088 Thread 0x0000024151d7be20 4014       3       java.util.TreeSet::add (22 bytes)
Event: 3625.091 Thread 0x0000024151d7be20 nmethod 4014 0x000002413dcea310 code [0x000002413dcea4c0, 0x000002413dcea708]
Event: 3705.158 Thread 0x0000024151d7be20 4015       1       java.util.TreeMap::size (5 bytes)
Event: 3705.160 Thread 0x0000024151d7be20 nmethod 4015 0x0000024145199690 code [0x0000024145199820, 0x00000241451998f8]
Event: 3776.507 Thread 0x0000024151d66670 4016       4       java.lang.String$CaseInsensitiveComparator::compare (68 bytes)
Event: 3776.589 Thread 0x0000024151d66670 nmethod 4016 0x0000024145199990 code [0x0000024145199b20, 0x0000024145199e38]
Event: 3796.971 Thread 0x0000024151d66670 4017       4       org.springframework.boot.devtools.filewatch.FileSnapshot::hashCode (49 bytes)
Event: 3796.992 Thread 0x0000024151d66670 nmethod 4017 0x000002414519a010 code [0x000002414519a1a0, 0x000002414519a2c8]
Event: 3805.496 Thread 0x0000024151d66670 4018       4       java.util.concurrent.ConcurrentHashMap$KeySetView::iterator (34 bytes)
Event: 3805.531 Thread 0x0000024151d66670 nmethod 4018 0x000002414519a390 code [0x000002414519a520, 0x000002414519a958]
Event: 3805.531 Thread 0x0000024151d66670 4019       4       java.util.concurrent.ConcurrentHashMap$KeyIterator::<init> (12 bytes)
Event: 3805.548 Thread 0x0000024151d66670 nmethod 4019 0x000002414519ac10 code [0x000002414519ada0, 0x000002414519b2b8]
Event: 3832.377 Thread 0x0000024151d66670 4020       4       java.util.HashSet::add (20 bytes)

GC Heap History (14 events):
Event: 1.336 GC heap before
{Heap before GC invocations=0 (full 0):
 garbage-first heap   total 63488K, used 22528K [0x00000000c3a00000, 0x0000000100000000)
  region size 1024K, 23 young (23552K), 0 survivors (0K)
 Metaspace       used 6779K, committed 6976K, reserved 1056768K
  class space    used 795K, committed 896K, reserved 1048576K
}
Event: 1.342 GC heap after
{Heap after GC invocations=1 (full 0):
 garbage-first heap   total 63488K, used 4574K [0x00000000c3a00000, 0x0000000100000000)
  region size 1024K, 3 young (3072K), 3 survivors (3072K)
 Metaspace       used 6779K, committed 6976K, reserved 1056768K
  class space    used 795K, committed 896K, reserved 1048576K
}
Event: 1.880 GC heap before
{Heap before GC invocations=1 (full 0):
 garbage-first heap   total 63488K, used 29150K [0x00000000c3a00000, 0x0000000100000000)
  region size 1024K, 28 young (28672K), 3 survivors (3072K)
 Metaspace       used 13231K, committed 13440K, reserved 1064960K
  class space    used 1597K, committed 1728K, reserved 1048576K
}
Event: 1.885 GC heap after
{Heap after GC invocations=2 (full 0):
 garbage-first heap   total 63488K, used 6815K [0x00000000c3a00000, 0x0000000100000000)
  region size 1024K, 2 young (2048K), 2 survivors (2048K)
 Metaspace       used 13231K, committed 13440K, reserved 1064960K
  class space    used 1597K, committed 1728K, reserved 1048576K
}
Event: 3.487 GC heap before
{Heap before GC invocations=2 (full 0):
 garbage-first heap   total 63488K, used 38559K [0x00000000c3a00000, 0x0000000100000000)
  region size 1024K, 33 young (33792K), 2 survivors (2048K)
 Metaspace       used 18361K, committed 18624K, reserved 1064960K
  class space    used 2264K, committed 2368K, reserved 1048576K
}
Event: 3.493 GC heap after
{Heap after GC invocations=3 (full 0):
 garbage-first heap   total 63488K, used 8863K [0x00000000c3a00000, 0x0000000100000000)
  region size 1024K, 4 young (4096K), 4 survivors (4096K)
 Metaspace       used 18361K, committed 18624K, reserved 1064960K
  class space    used 2264K, committed 2368K, reserved 1048576K
}
Event: 5.386 GC heap before
{Heap before GC invocations=3 (full 0):
 garbage-first heap   total 63488K, used 21151K [0x00000000c3a00000, 0x0000000100000000)
  region size 1024K, 17 young (17408K), 4 survivors (4096K)
 Metaspace       used 21175K, committed 21504K, reserved 1073152K
  class space    used 2664K, committed 2816K, reserved 1048576K
}
Event: 5.392 GC heap after
{Heap after GC invocations=4 (full 0):
 garbage-first heap   total 63488K, used 10136K [0x00000000c3a00000, 0x0000000100000000)
  region size 1024K, 4 young (4096K), 4 survivors (4096K)
 Metaspace       used 21175K, committed 21504K, reserved 1073152K
  class space    used 2664K, committed 2816K, reserved 1048576K
}
Event: 6.859 GC heap before
{Heap before GC invocations=5 (full 0):
 garbage-first heap   total 40960K, used 30616K [0x00000000c3a00000, 0x0000000100000000)
  region size 1024K, 24 young (24576K), 4 survivors (4096K)
 Metaspace       used 25369K, committed 25792K, reserved 1073152K
  class space    used 3182K, committed 3392K, reserved 1048576K
}
Event: 6.866 GC heap after
{Heap after GC invocations=6 (full 0):
 garbage-first heap   total 40960K, used 12663K [0x00000000c3a00000, 0x0000000100000000)
  region size 1024K, 3 young (3072K), 3 survivors (3072K)
 Metaspace       used 25369K, committed 25792K, reserved 1073152K
  class space    used 3182K, committed 3392K, reserved 1048576K
}
Event: 6.931 GC heap before
{Heap before GC invocations=6 (full 0):
 garbage-first heap   total 40960K, used 13687K [0x00000000c3a00000, 0x0000000100000000)
  region size 1024K, 4 young (4096K), 3 survivors (3072K)
 Metaspace       used 25617K, committed 25984K, reserved 1073152K
  class space    used 3211K, committed 3392K, reserved 1048576K
}
Event: 6.936 GC heap after
{Heap after GC invocations=7 (full 0):
 garbage-first heap   total 40960K, used 13215K [0x00000000c3a00000, 0x0000000100000000)
  region size 1024K, 1 young (1024K), 1 survivors (1024K)
 Metaspace       used 25617K, committed 25984K, reserved 1073152K
  class space    used 3211K, committed 3392K, reserved 1048576K
}
Event: 54.937 GC heap before
{Heap before GC invocations=7 (full 0):
 garbage-first heap   total 40960K, used 29599K [0x00000000c3a00000, 0x0000000100000000)
  region size 1024K, 17 young (17408K), 1 survivors (1024K)
 Metaspace       used 29083K, committed 29504K, reserved 1081344K
  class space    used 3662K, committed 3840K, reserved 1048576K
}
Event: 54.945 GC heap after
{Heap after GC invocations=8 (full 0):
 garbage-first heap   total 40960K, used 14226K [0x00000000c3a00000, 0x0000000100000000)
  region size 1024K, 2 young (2048K), 2 survivors (2048K)
 Metaspace       used 29083K, committed 29504K, reserved 1081344K
  class space    used 3662K, committed 3840K, reserved 1048576K
}

Deoptimization events (20 events):
Event: 61.671 Thread 0x0000024153ee4f60 DEOPT PACKING pc=0x00000241451829c4 sp=0x000000a996afc740
Event: 61.671 Thread 0x0000024153ee4f60 DEOPT UNPACKING pc=0x0000024144a35ba3 sp=0x000000a996afc700 mode 2
Event: 61.687 Thread 0x0000024153ee4f60 Uncommon trap: trap_request=0xffffffd6 fr.pc=0x00000241451829c4 relative=0x0000000000000784
Event: 61.687 Thread 0x0000024153ee4f60 Uncommon trap: reason=array_check action=maybe_recompile pc=0x00000241451829c4 method=java.util.AbstractCollection.toArray([Ljava/lang/Object;)[Ljava/lang/Object; @ 116 c2
Event: 61.687 Thread 0x0000024153ee4f60 DEOPT PACKING pc=0x00000241451829c4 sp=0x000000a996afc740
Event: 61.687 Thread 0x0000024153ee4f60 DEOPT UNPACKING pc=0x0000024144a35ba3 sp=0x000000a996afc700 mode 2
Event: 61.929 Thread 0x0000024153ee8df0 Uncommon trap: trap_request=0xffffffd6 fr.pc=0x00000241451829c4 relative=0x0000000000000784
Event: 61.929 Thread 0x0000024153ee8df0 Uncommon trap: reason=array_check action=maybe_recompile pc=0x00000241451829c4 method=java.util.AbstractCollection.toArray([Ljava/lang/Object;)[Ljava/lang/Object; @ 116 c2
Event: 61.929 Thread 0x0000024153ee8df0 DEOPT PACKING pc=0x00000241451829c4 sp=0x000000a996bfca50
Event: 61.929 Thread 0x0000024153ee8df0 DEOPT UNPACKING pc=0x0000024144a35ba3 sp=0x000000a996bfca10 mode 2
Event: 61.942 Thread 0x0000024153ee8df0 Uncommon trap: trap_request=0xffffffd6 fr.pc=0x00000241451829c4 relative=0x0000000000000784
Event: 61.942 Thread 0x0000024153ee8df0 Uncommon trap: reason=array_check action=maybe_recompile pc=0x00000241451829c4 method=java.util.AbstractCollection.toArray([Ljava/lang/Object;)[Ljava/lang/Object; @ 116 c2
Event: 61.942 Thread 0x0000024153ee8df0 DEOPT PACKING pc=0x00000241451829c4 sp=0x000000a996bfca50
Event: 61.942 Thread 0x0000024153ee8df0 DEOPT UNPACKING pc=0x0000024144a35ba3 sp=0x000000a996bfca10 mode 2
Event: 112.287 Thread 0x0000024153133f10 DEOPT PACKING pc=0x000002413db19647 sp=0x000000a9961fef50
Event: 112.287 Thread 0x0000024153133f10 DEOPT UNPACKING pc=0x0000024144a366e3 sp=0x000000a9961fe418 mode 0
Event: 3074.735 Thread 0x00000241531360c0 Uncommon trap: trap_request=0xffffff45 fr.pc=0x00000241451916d4 relative=0x00000000000000b4
Event: 3074.735 Thread 0x00000241531360c0 Uncommon trap: reason=unstable_if action=reinterpret pc=0x00000241451916d4 method=java.util.concurrent.ScheduledThreadPoolExecutor$ScheduledFutureTask.compareTo(Ljava/util/concurrent/Delayed;)I @ 40 c2
Event: 3074.736 Thread 0x00000241531360c0 DEOPT PACKING pc=0x00000241451916d4 sp=0x000000a9951ff1c0
Event: 3074.756 Thread 0x00000241531360c0 DEOPT UNPACKING pc=0x0000024144a35ba3 sp=0x000000a9951ff148 mode 2

Classes unloaded (0 events):
No events

Classes redefined (0 events):
No events

Internal exceptions (20 events):
Event: 6.059 Thread 0x0000024153135bf0 Exception <a 'sun/nio/fs/WindowsException'{0x00000000c564f910}> (0x00000000c564f910) 
thrown [s\open\src\hotspot\share\prims\jni.cpp, line 516]
Event: 6.060 Thread 0x0000024153135bf0 Exception <a 'sun/nio/fs/WindowsException'{0x00000000c564fc68}> (0x00000000c564fc68) 
thrown [s\open\src\hotspot\share\prims\jni.cpp, line 516]
Event: 6.135 Thread 0x0000024153135bf0 Exception <a 'java/lang/NoSuchMethodError'{0x00000000c554c2f8}: 'java.lang.Object java.lang.invoke.DirectMethodHandle$Holder.invokeSpecial(java.lang.Object, java.lang.Object, long, java.lang.Object, java.lang.Object, java.lang.Object, java.lang.Object, java.lang.Object, java.lang.Object)'> (0x00000000c554c2f8) 
thrown [s\open\src\hotspot\share\interpreter\linkResolver.cpp, line 759]
Event: 6.136 Thread 0x0000024153135bf0 Exception <a 'java/lang/NoSuchMethodError'{0x00000000c5550e20}: 'java.lang.Object java.lang.invoke.DelegatingMethodHandle$Holder.reinvoke_L(java.lang.Object, long, java.lang.Object, java.lang.Object, java.lang.Object, java.lang.Object, java.lang.Object, java.lang.Object)'> (0x00000000c5550e20) 
thrown [s\open\src\hotspot\share\interpreter\linkResolver.cpp, line 759]
Event: 6.140 Thread 0x0000024153135bf0 Exception <a 'java/lang/NoSuchMethodError'{0x00000000c555dac8}: 'java.lang.Object java.lang.invoke.Invokers$Holder.linkToTargetMethod(java.lang.Object, java.lang.Object, java.lang.Object, java.lang.Object, java.lang.Object, java.lang.Object, java.lang.Object)'> (0x00000000c555dac8) 
thrown [s\open\src\hotspot\share\interpreter\linkResolver.cpp, line 759]
Event: 6.249 Thread 0x0000024153135bf0 Exception <a 'java/io/FileNotFoundException'{0x00000000c54e88d8}> (0x00000000c54e88d8) 
thrown [s\open\src\hotspot\share\prims\jni.cpp, line 516]
Event: 6.282 Thread 0x0000024153135bf0 Exception <a 'java/lang/NoSuchMethodError'{0x00000000c53aa2b0}: 'int java.lang.invoke.DirectMethodHandle$Holder.invokeInterface(java.lang.Object, java.lang.Object, java.lang.Object, java.lang.Object)'> (0x00000000c53aa2b0) 
thrown [s\open\src\hotspot\share\interpreter\linkResolver.cpp, line 759]
Event: 6.383 Thread 0x0000024153135bf0 Exception <a 'java/lang/NoSuchMethodError'{0x00000000c5164d00}: 'long java.lang.invoke.DirectMethodHandle$Holder.invokeVirtual(java.lang.Object, java.lang.Object)'> (0x00000000c5164d00) 
thrown [s\open\src\hotspot\share\interpreter\linkResolver.cpp, line 759]
Event: 6.388 Thread 0x0000024153135bf0 Exception <a 'java/io/FileNotFoundException'{0x00000000c5193658}> (0x00000000c5193658) 
thrown [s\open\src\hotspot\share\prims\jni.cpp, line 516]
Event: 6.851 Thread 0x0000024153135bf0 Exception <a 'java/lang/NoSuchMethodError'{0x00000000c4ade848}: 'void java.lang.invoke.DirectMethodHandle$Holder.invokeVirtual(java.lang.Object, java.lang.Object, int)'> (0x00000000c4ade848) 
thrown [s\open\src\hotspot\share\interpreter\linkResolver.cpp, line 759]
Event: 6.857 Thread 0x0000024153135bf0 Exception <a 'java/lang/NoSuchMethodError'{0x00000000c4af93e8}: 'void java.lang.invoke.DirectMethodHandle$Holder.invokeVirtual(java.lang.Object, java.lang.Object, long)'> (0x00000000c4af93e8) 
thrown [s\open\src\hotspot\share\interpreter\linkResolver.cpp, line 759]
Event: 7.382 Thread 0x0000024153135bf0 Exception <a 'java/lang/IncompatibleClassChangeError'{0x00000000c5c1e9a8}: Found class java.lang.Object, but interface was expected> (0x00000000c5c1e9a8) 
thrown [s\open\src\hotspot\share\interpreter\linkResolver.cpp, line 826]
Event: 7.496 Thread 0x0000024153135bf0 Exception <a 'java/lang/NoSuchMethodError'{0x00000000c5b42970}: 'int java.lang.invoke.DirectMethodHandle$Holder.invokeStaticInit(java.lang.Object, java.lang.Object, java.lang.Object, java.lang.Object)'> (0x00000000c5b42970) 
thrown [s\open\src\hotspot\share\interpreter\linkResolver.cpp, line 759]
Event: 7.658 Thread 0x0000024153135bf0 Exception <a 'java/lang/NoSuchMethodError'{0x00000000c5933c08}: 'java.lang.Object java.lang.invoke.DirectMethodHandle$Holder.newInvokeSpecial(java.lang.Object, java.lang.Object, int, java.lang.Object, java.lang.Object)'> (0x00000000c5933c08) 
thrown [s\open\src\hotspot\share\interpreter\linkResolver.cpp, line 759]
Event: 7.660 Thread 0x0000024153135bf0 Exception <a 'java/lang/NoSuchMethodError'{0x00000000c593f280}: 'java.lang.Object java.lang.invoke.DirectMethodHandle$Holder.invokeSpecial(java.lang.Object, java.lang.Object, int, java.lang.Object, int, java.lang.Object)'> (0x00000000c593f280) 
thrown [s\open\src\hotspot\share\interpreter\linkResolver.cpp, line 759]
Event: 7.661 Thread 0x0000024153135bf0 Exception <a 'java/lang/NoSuchMethodError'{0x00000000c5947570}: 'java.lang.Object java.lang.invoke.DirectMethodHandle$Holder.newInvokeSpecial(java.lang.Object, java.lang.Object, int, java.lang.Object, int)'> (0x00000000c5947570) 
thrown [s\open\src\hotspot\share\interpreter\linkResolver.cpp, line 759]
Event: 7.662 Thread 0x0000024153135bf0 Exception <a 'java/lang/NoSuchMethodError'{0x00000000c594b670}: 'java.lang.Object java.lang.invoke.DirectMethodHandle$Holder.invokeSpecial(java.lang.Object, java.lang.Object, java.lang.Object, int, java.lang.Object, int)'> (0x00000000c594b670) 
thrown [s\open\src\hotspot\share\interpreter\linkResolver.cpp, line 759]
Event: 54.334 Thread 0x0000024153136f30 Exception <a 'java/lang/NoSuchMethodError'{0x00000000c55b2848}: 'java.lang.Object java.lang.invoke.DirectMethodHandle$Holder.invokeSpecial(java.lang.Object, java.lang.Object, java.lang.Object, java.lang.Object, java.lang.Object, long)'> (0x00000000c55b2848) 
thrown [s\open\src\hotspot\share\interpreter\linkResolver.cpp, line 759]
Event: 54.334 Thread 0x0000024153136f30 Exception <a 'java/lang/NoSuchMethodError'{0x00000000c55b6288}: 'java.lang.Object java.lang.invoke.Invokers$Holder.linkToTargetMethod(java.lang.Object, java.lang.Object, java.lang.Object, long, java.lang.Object)'> (0x00000000c55b6288) 
thrown [s\open\src\hotspot\share\interpreter\linkResolver.cpp, line 759]
Event: 54.894 Thread 0x0000024153ee3750 Exception <a 'java/lang/NoSuchMethodError'{0x00000000c5183728}: 'java.lang.Object java.lang.invoke.DirectMethodHandle$Holder.invokeStatic(java.lang.Object, int, int)'> (0x00000000c5183728) 
thrown [s\open\src\hotspot\share\interpreter\linkResolver.cpp, line 759]

VM Operations (20 events):
Event: 3228.644 Executing VM operation: Cleanup
Event: 3228.646 Executing VM operation: Cleanup done
Event: 3344.426 Executing VM operation: Cleanup
Event: 3344.427 Executing VM operation: Cleanup done
Event: 3535.866 Executing VM operation: Cleanup
Event: 3535.868 Executing VM operation: Cleanup done
Event: 3556.029 Executing VM operation: Cleanup
Event: 3556.030 Executing VM operation: Cleanup done
Event: 3798.244 Executing VM operation: Cleanup
Event: 3798.250 Executing VM operation: Cleanup done
Event: 3806.333 Executing VM operation: Cleanup
Event: 3806.333 Executing VM operation: Cleanup done
Event: 3814.414 Executing VM operation: Cleanup
Event: 3814.415 Executing VM operation: Cleanup done
Event: 3815.425 Executing VM operation: Cleanup
Event: 3815.425 Executing VM operation: Cleanup done
Event: 3818.444 Executing VM operation: Cleanup
Event: 3818.444 Executing VM operation: Cleanup done
Event: 3819.451 Executing VM operation: Cleanup
Event: 3819.451 Executing VM operation: Cleanup done

Events (20 events):
Event: 54.913 loading class java/time/format/DateTimeFormatterBuilder$ZoneTextPrinterParser
Event: 54.914 loading class java/time/format/DateTimeFormatterBuilder$ZoneTextPrinterParser done
Event: 54.914 loading class java/time/format/DateTimeFormatterBuilder$ReducedPrinterParser
Event: 54.915 loading class java/time/format/DateTimeFormatterBuilder$ReducedPrinterParser done
Event: 54.931 loading class java/util/OptionalLong
Event: 54.932 loading class java/util/OptionalLong done
Event: 54.932 loading class java/util/OptionalDouble
Event: 54.932 loading class java/util/OptionalDouble done
Event: 54.959 loading class java/util/AbstractMap$SimpleEntry
Event: 54.959 loading class java/util/AbstractMap$SimpleEntry done
Event: 55.001 Thread 0x000002415360fb90 Thread added: 0x000002415360fb90
Event: 55.007 loading class java/util/stream/LongStream
Event: 55.007 loading class java/util/stream/LongStream done
Event: 55.007 loading class java/util/stream/DoubleStream
Event: 55.008 loading class java/util/stream/DoubleStream done
Event: 55.023 loading class java/io/ObjectOutputStream
Event: 55.023 loading class java/io/ObjectOutput
Event: 55.024 loading class java/io/ObjectOutput done
Event: 55.024 loading class java/io/ObjectOutputStream done
Event: 55.735 Thread 0x000002415360fb90 Thread exited: 0x000002415360fb90


Dynamic libraries:
0x00007ff6e2c40000 - 0x00007ff6e2c50000 	C:\Program Files\Java\jdk-17\bin\java.exe
0x00007ffd16e30000 - 0x00007ffd17044000 	C:\WINDOWS\SYSTEM32\ntdll.dll
0x00007ffd14e70000 - 0x00007ffd14f32000 	C:\WINDOWS\System32\KERNEL32.DLL
0x00007ffd14740000 - 0x00007ffd14ae3000 	C:\WINDOWS\System32\KERNELBASE.dll
0x00007ffd11050000 - 0x00007ffd110e7000 	C:\WINDOWS\SYSTEM32\apphelp.dll
0x00007ffd14230000 - 0x00007ffd14341000 	C:\WINDOWS\System32\ucrtbase.dll
0x00007ffd06ec0000 - 0x00007ffd06ed9000 	C:\Program Files\Java\jdk-17\bin\jli.dll
0x00007ffd09bc0000 - 0x00007ffd09bdb000 	C:\Program Files\Java\jdk-17\bin\VCRUNTIME140.dll
0x00007ffd15a10000 - 0x00007ffd15abe000 	C:\WINDOWS\System32\ADVAPI32.dll
0x00007ffd15770000 - 0x00007ffd15817000 	C:\WINDOWS\System32\msvcrt.dll
0x00007ffd15960000 - 0x00007ffd15a04000 	C:\WINDOWS\System32\sechost.dll
0x00007ffd14c10000 - 0x00007ffd14d27000 	C:\WINDOWS\System32\RPCRT4.dll
0x00007ffd16480000 - 0x00007ffd1662b000 	C:\WINDOWS\System32\USER32.dll
0x00007ffd14560000 - 0x00007ffd14586000 	C:\WINDOWS\System32\win32u.dll
0x00007ffcff020000 - 0x00007ffcff2ae000 	C:\WINDOWS\WinSxS\amd64_microsoft.windows.common-controls_6595b64144ccf1df_6.0.22621.1635_none_270f70857386168e\COMCTL32.dll
0x00007ffd15930000 - 0x00007ffd15959000 	C:\WINDOWS\System32\GDI32.dll
0x00007ffd14af0000 - 0x00007ffd14c09000 	C:\WINDOWS\System32\gdi32full.dll
0x00007ffd14350000 - 0x00007ffd143ea000 	C:\WINDOWS\System32\msvcp_win.dll
0x00007ffd0c970000 - 0x00007ffd0c97a000 	C:\WINDOWS\SYSTEM32\VERSION.dll
0x00007ffd15100000 - 0x00007ffd15131000 	C:\WINDOWS\System32\IMM32.DLL
0x00007ffd0d590000 - 0x00007ffd0d59c000 	C:\Program Files\Java\jdk-17\bin\vcruntime140_1.dll
0x00007ffcf9a70000 - 0x00007ffcf9afe000 	C:\Program Files\Java\jdk-17\bin\msvcp140.dll
0x00007ffcc1dd0000 - 0x00007ffcc29ad000 	C:\Program Files\Java\jdk-17\bin\server\jvm.dll
0x00007ffd14d30000 - 0x00007ffd14d38000 	C:\WINDOWS\System32\PSAPI.DLL
0x00007ffd11e80000 - 0x00007ffd11eb4000 	C:\WINDOWS\SYSTEM32\WINMM.dll
0x00007ffd0d990000 - 0x00007ffd0d999000 	C:\WINDOWS\SYSTEM32\WSOCK32.dll
0x00007ffd15140000 - 0x00007ffd151b1000 	C:\WINDOWS\System32\WS2_32.dll
0x00007ffd13370000 - 0x00007ffd13388000 	C:\WINDOWS\SYSTEM32\kernel.appcore.dll
0x00007ffd0d570000 - 0x00007ffd0d57a000 	C:\Program Files\Java\jdk-17\bin\jimage.dll
0x00007ffd11c50000 - 0x00007ffd11e7e000 	C:\WINDOWS\SYSTEM32\DBGHELP.DLL
0x00007ffd16850000 - 0x00007ffd16bd9000 	C:\WINDOWS\System32\combase.dll
0x00007ffd15b40000 - 0x00007ffd15c17000 	C:\WINDOWS\System32\OLEAUT32.dll
0x00007ffd11c10000 - 0x00007ffd11c42000 	C:\WINDOWS\SYSTEM32\dbgcore.DLL
0x00007ffd14590000 - 0x00007ffd1460b000 	C:\WINDOWS\System32\bcryptPrimitives.dll
0x00007ffd0d5b0000 - 0x00007ffd0d5be000 	C:\Program Files\Java\jdk-17\bin\instrument.dll
0x00007ffcfa200000 - 0x00007ffcfa225000 	C:\Program Files\Java\jdk-17\bin\java.dll
0x00007ffcf98f0000 - 0x00007ffcf99c7000 	C:\Program Files\Java\jdk-17\bin\jsvml.dll
0x00007ffd15c20000 - 0x00007ffd1641a000 	C:\WINDOWS\System32\SHELL32.dll
0x00007ffd12230000 - 0x00007ffd12afe000 	C:\WINDOWS\SYSTEM32\windows.storage.dll
0x00007ffd120f0000 - 0x00007ffd1222e000 	C:\WINDOWS\SYSTEM32\wintypes.dll
0x00007ffd15830000 - 0x00007ffd15921000 	C:\WINDOWS\System32\SHCORE.dll
0x00007ffd16630000 - 0x00007ffd1668e000 	C:\WINDOWS\System32\shlwapi.dll
0x00007ffd14160000 - 0x00007ffd14181000 	C:\WINDOWS\SYSTEM32\profapi.dll
0x00007ffcf9dc0000 - 0x00007ffcf9dd8000 	C:\Program Files\Java\jdk-17\bin\zip.dll
0x00007ffd06e80000 - 0x00007ffd06e99000 	C:\Program Files\Java\jdk-17\bin\net.dll
0x00007ffd0e720000 - 0x00007ffd0e857000 	C:\WINDOWS\SYSTEM32\WINHTTP.dll
0x00007ffd137e0000 - 0x00007ffd13849000 	C:\WINDOWS\system32\mswsock.dll
0x00007ffcf9f10000 - 0x00007ffcf9f26000 	C:\Program Files\Java\jdk-17\bin\nio.dll
0x00007ffd09bf0000 - 0x00007ffd09c0a000 	D:\HieuStudy\Code\IntelliJ IDEA Community Edition 2023.1.2\bin\breakgen64.dll
0x00007ffd0d5a0000 - 0x00007ffd0d5aa000 	C:\Program Files\Java\jdk-17\bin\management.dll
0x00007ffd0a010000 - 0x00007ffd0a01b000 	C:\Program Files\Java\jdk-17\bin\management_ext.dll
0x00007ffd13a50000 - 0x00007ffd13a6b000 	C:\WINDOWS\SYSTEM32\CRYPTSP.dll
0x00007ffd132e0000 - 0x00007ffd13315000 	C:\WINDOWS\system32\rsaenh.dll
0x00007ffd138e0000 - 0x00007ffd13908000 	C:\WINDOWS\SYSTEM32\USERENV.dll
0x00007ffd13c00000 - 0x00007ffd13c28000 	C:\WINDOWS\SYSTEM32\bcrypt.dll
0x00007ffd13a40000 - 0x00007ffd13a4c000 	C:\WINDOWS\SYSTEM32\CRYPTBASE.dll
0x00007ffd12dd0000 - 0x00007ffd12dfd000 	C:\WINDOWS\SYSTEM32\IPHLPAPI.DLL
0x00007ffd15820000 - 0x00007ffd15829000 	C:\WINDOWS\System32\NSI.dll
0x00007ffd0ec80000 - 0x00007ffd0ec99000 	C:\WINDOWS\SYSTEM32\dhcpcsvc6.DLL
0x00007ffd0ec60000 - 0x00007ffd0ec7f000 	C:\WINDOWS\SYSTEM32\dhcpcsvc.DLL
0x00007ffd12e40000 - 0x00007ffd12f33000 	C:\WINDOWS\SYSTEM32\DNSAPI.dll
0x00007ffd0cb80000 - 0x00007ffd0cb8d000 	C:\Program Files\Java\jdk-17\bin\sunmscapi.dll
0x00007ffd143f0000 - 0x00007ffd14557000 	C:\WINDOWS\System32\CRYPT32.dll
0x00007ffd13bd0000 - 0x00007ffd13bfe000 	C:\WINDOWS\SYSTEM32\ncrypt.dll
0x00007ffd13b90000 - 0x00007ffd13bc7000 	C:\WINDOWS\SYSTEM32\NTASN1.dll
0x00007ffcef3e0000 - 0x00007ffcef3e8000 	C:\WINDOWS\system32\wshunix.dll

dbghelp: loaded successfully - version: 4.0.5 - missing functions: none
symbol engine: initialized successfully - sym options: 0x614 - pdb path: .;C:\Program Files\Java\jdk-17\bin;C:\WINDOWS\SYSTEM32;C:\WINDOWS\WinSxS\amd64_microsoft.windows.common-controls_6595b64144ccf1df_6.0.22621.1635_none_270f70857386168e;C:\Program Files\Java\jdk-17\bin\server;D:\HieuStudy\Code\IntelliJ IDEA Community Edition 2023.1.2\bin

VM Arguments:
jvm_args: -javaagent:D:\HieuStudy\Code\IntelliJ IDEA Community Edition 2023.1.2\lib\idea_rt.jar=59017:D:\HieuStudy\Code\IntelliJ IDEA Community Edition 2023.1.2\bin -Dfile.encoding=UTF-8 
java_command: dev.babygone.movies.MoviesApplication
java_class_path (initial): C:\Users\hieuq\OneDrive\Desktop\movies\target\classes;C:\Users\hieuq\.m2\repository\org\springframework\boot\spring-boot-starter-web\3.0.7\spring-boot-starter-web-3.0.7.jar;C:\Users\hieuq\.m2\repository\org\springframework\boot\spring-boot-starter\3.0.7\spring-boot-starter-3.0.7.jar;C:\Users\hieuq\.m2\repository\org\springframework\boot\spring-boot-starter-logging\3.0.7\spring-boot-starter-logging-3.0.7.jar;C:\Users\hieuq\.m2\repository\ch\qos\logback\logback-classic\1.4.7\logback-classic-1.4.7.jar;C:\Users\hieuq\.m2\repository\ch\qos\logback\logback-core\1.4.7\logback-core-1.4.7.jar;C:\Users\hieuq\.m2\repository\org\apache\logging\log4j\log4j-to-slf4j\2.19.0\log4j-to-slf4j-2.19.0.jar;C:\Users\hieuq\.m2\repository\org\apache\logging\log4j\log4j-api\2.19.0\log4j-api-2.19.0.jar;C:\Users\hieuq\.m2\repository\org\slf4j\jul-to-slf4j\2.0.7\jul-to-slf4j-2.0.7.jar;C:\Users\hieuq\.m2\repository\jakarta\annotation\jakarta.annotation-api\2.1.1\jakarta.annotation-api-2.1.1.jar;C:\Users\hieuq\.m2\repository\org\yaml\snakeyaml\1.33\snakeyaml-1.33.jar;C:\Users\hieuq\.m2\repository\org\springframework\boot\spring-boot-starter-json\3.0.7\spring-boot-starter-json-3.0.7.jar;C:\Users\hieuq\.m2\repository\com\fasterxml\jackson\core\jackson-databind\2.14.3\jackson-databind-2.14.3.jar;C:\Users\hieuq\.m2\repository\com\fasterxml\jackson\core\jackson-annotations\2.14.3\jackson-annotations-2.14.3.jar;C:\Users\hieuq\.m2\repository\com\fasterxml\jackson\core\jackson-core\2.14.3\jackson-core-2.14.3.jar;C:\Users\hieuq\.m2\repository\com\fasterxml\jackson\datatype\jackson-datatype-jdk8\2.14.3\jackson-datatype-jdk8-2.14.3.jar;C:\Users\hieuq\.m2\repository\com\fasterxml\jackson\datatype\jackson-datatype-jsr310\2.14.3\jackson-datatype-jsr310-2.14.3.jar;C:\Users\hieuq\.m2\repository\com\fasterxml\jackson\module\jackson-module-parameter-names\2.14.3\jackson-module-parameter-names-2.14.3.jar;C:\Users\hieuq\.m2\repository\org\springframework\boot\spring-boot-starter-tomcat\3
Launcher Type: SUN_STANDARD

[Global flags]
     intx CICompilerCount                          = 4                                         {product} {ergonomic}
     uint ConcGCThreads                            = 2                                         {product} {ergonomic}
     uint G1ConcRefinementThreads                  = 8                                         {product} {ergonomic}
   size_t G1HeapRegionSize                         = 1048576                                   {product} {ergonomic}
    uintx GCDrainStackTargetSize                   = 64                                        {product} {ergonomic}
   size_t InitialHeapSize                          = 65011712                                  {product} {ergonomic}
   size_t MarkStackSize                            = 4194304                                   {product} {ergonomic}
   size_t MaxHeapSize                              = 1012924416                                {product} {ergonomic}
   size_t MaxNewSize                               = 607125504                                 {product} {ergonomic}
   size_t MinHeapDeltaBytes                        = 1048576                                   {product} {ergonomic}
   size_t MinHeapSize                              = 8388608                                   {product} {ergonomic}
    uintx NonNMethodCodeHeapSize                   = 5839372                                {pd product} {ergonomic}
    uintx NonProfiledCodeHeapSize                  = 122909434                              {pd product} {ergonomic}
    uintx ProfiledCodeHeapSize                     = 122909434                              {pd product} {ergonomic}
    uintx ReservedCodeCacheSize                    = 251658240                              {pd product} {ergonomic}
     bool SegmentedCodeCache                       = true                                      {product} {ergonomic}
   size_t SoftMaxHeapSize                          = 1012924416                             {manageable} {ergonomic}
     bool UseCompressedClassPointers               = true                           {product lp64_product} {ergonomic}
     bool UseCompressedOops                        = true                           {product lp64_product} {ergonomic}
     bool UseG1GC                                  = true                                      {product} {ergonomic}
     bool UseLargePagesIndividualAllocation        = false                                  {pd product} {ergonomic}

Logging:
Log output configuration:
 #0: stdout all=warning uptime,level,tags
 #1: stderr all=off uptime,level,tags

Environment Variables:
JAVA_HOME=C:\Java\jdk1.8.0_202
PATH=C:\Program Files\Common Files\Oracle\Java\javapath;C:\Program Files (x86)\Common Files\Oracle\Java\javapath;C:\Windows\system32;C:\Windows;C:\Windows\System32\Wbem;C:\Windows\System32\WindowsPowerShell\v1.0\;C:\Windows\System32\OpenSSH\;C:\Program Files\NVIDIA Corporation\NVIDIA NvDLISR;C:\WINDOWS\system32;C:\WINDOWS;C:\WINDOWS\System32\Wbem;C:\WINDOWS\System32\WindowsPowerShell\v1.0\;C:\WINDOWS\System32\OpenSSH\;C:\Java\jdk1.8.0_202\bin;C:\hadoop-3.3.0\bin;C:\hadoop-3.3.0\sbin;C:\ProgramData\chocolatey\bin;D:\HieuStudy\nodeJS\;C:\Program Files\dotnet\;D:\Python\Scripts\;D:\Python\;C:\Users\hieuq\AppData\Local\Microsoft\WindowsApps;C:\Java\jdk1.8.0_202\bin;C:\hadoop-3.3.0\bin;C:\hadoop-3.3.0\sbin;;D:\HieuStudy\Microsoft VS Code\bin;C:\Users\hieuq\AppData\Roaming\npm;D:\HieuStudy\Code\IntelliJ IDEA Community Edition 2023.1.2\bin;
USERNAME=hieuq
OS=Windows_NT
PROCESSOR_IDENTIFIER=Intel64 Family 6 Model 126 Stepping 5, GenuineIntel



---------------  S Y S T E M  ---------------

OS:
 Windows 11 , 64 bit Build 22621 (10.0.22621.1778)
OS uptime: 0 days 3:47 hours

CPU: total 8 (initial active 8) (4 cores per cpu, 2 threads per core) family 6 model 126 stepping 5 microcode 0xb8, cx8, cmov, fxsr, ht, mmx, 3dnowpref, sse, sse2, sse3, ssse3, sse4.1, sse4.2, popcnt, lzcnt, tsc, tscinvbit, avx, avx2, aes, erms, clmul, bmi1, bmi2, adx, avx512f, avx512dq, avx512cd, avx512bw, avx512vl, sha, fma, vzeroupper, avx512_vpopcntdq, avx512_vpclmulqdq, avx512_vaes, avx512_vnni, clflush, clflushopt, avx512_vbmi2, avx512_vbmi

Memory: 4k page, system-wide physical 3863M (274M free)
TotalPageFile size 10007M (AvailPageFile size 18M)
current process WorkingSet (physical memory assigned to process): 20M, peak: 149M
current process commit charge ("private bytes"): 174M, peak: 211M

vm_info: Java HotSpot(TM) 64-Bit Server VM (17.0.7+8-LTS-224) for windows-amd64 JRE (17.0.7+8-LTS-224), built on Feb 28 2023 23:03:02 by "mach5one" with MS VC++ 17.1 (VS2022)

END.
